#
# There is insufficient memory for the Java Runtime Environment to continue.
# Native memory allocation (malloc) failed to allocate 620240 bytes. Error detail: Chunk::new
# Possible reasons:
#   The system is out of physical RAM or swap space
#   This process is running with CompressedOops enabled, and the Java Heap may be blocking the growth of the native heap
# Possible solutions:
#   Reduce memory load on the system
#   Increase physical memory or swap space
#   Check if swap backing store is full
#   Decrease Java heap size (-Xmx/-Xms)
#   Decrease number of Java threads
#   Decrease Java thread stack sizes (-Xss)
#   Set larger code cache with -XX:ReservedCodeCacheSize=
#   JVM is running with Unscaled Compressed Oops mode in which the Java heap is
#     placed in the first 4GB address space. The Java Heap base address is the
#     maximum limit for the native heap growth. Please use -XX:HeapBaseMinAddress
#     to set the Java Heap base and to place the Java Heap above 4GB virtual address.
# This output file may be truncated or incomplete.
#
#  Out of Memory Error (arena.cpp:168), pid=12068, tid=18352
#
# JRE version: OpenJDK Runtime Environment Temurin-21.0.5+11 (21.0.5+11) (build 21.0.5+11-LTS)
# Java VM: OpenJDK 64-Bit Server VM Temurin-21.0.5+11 (21.0.5+11-LTS, mixed mode, sharing, tiered, compressed oops, compressed class ptrs, parallel gc, windows-amd64)
# No core dump will be written. Minidumps are not enabled by default on client versions of Windows
#

---------------  S U M M A R Y ------------

Command Line: --add-modules=ALL-SYSTEM --add-opens=java.base/java.util=ALL-UNNAMED --add-opens=java.base/java.lang=ALL-UNNAMED --add-opens=java.base/sun.nio.fs=ALL-UNNAMED -Declipse.application=org.eclipse.jdt.ls.core.id1 -Dosgi.bundles.defaultStartLevel=4 -Declipse.product=org.eclipse.jdt.ls.core.product -Djava.import.generatesMetadataFilesAtProjectRoot=false -DDetectVMInstallationsJob.disabled=true -Dfile.encoding=utf8 -XX:+UseParallelGC -XX:GCTimeRatio=4 -XX:AdaptiveSizePolicyWeight=90 -Dsun.zip.disableMemoryMapping=true -Xmx1G -Xms100m -Xlog:disable -javaagent:c:\Users\HP\.vscode\extensions\redhat.java-1.39.0-win32-x64\lombok\lombok-1.18.34.jar -XX:+HeapDumpOnOutOfMemoryError -XX:HeapDumpPath=c:\Users\HP\AppData\Roaming\Code\User\workspaceStorage\0b69c30c4db3ca3c2521eea5189fcd6c\redhat.java -Daether.dependencyCollector.impl=bf c:\Users\HP\.vscode\extensions\redhat.java-1.39.0-win32-x64\server\plugins\org.eclipse.equinox.launcher_1.6.900.v20240613-2009.jar -configuration c:\Users\HP\AppData\Roaming\Code\User\globalStorage\redhat.java\1.39.0\config_win -data c:\Users\HP\AppData\Roaming\Code\User\workspaceStorage\0b69c30c4db3ca3c2521eea5189fcd6c\redhat.java\jdt_ws --pipe=\\.\pipe\lsp-05add039beafc9cb95e01b518f69e6b7-sock

Host: AMD Ryzen 5 5500U with Radeon Graphics         , 12 cores, 7G,  Windows 11 , 64 bit Build 26100 (10.0.26100.3037)
Time: Sat Mar  1 20:58:50 2025 India Standard Time elapsed time: 61.763404 seconds (0d 0h 1m 1s)

---------------  T H R E A D  ---------------

Current thread (0x00000231e00102d0):  JavaThread "C2 CompilerThread0" daemon [_thread_in_native, id=18352, stack(0x00000099eba00000,0x00000099ebb00000) (1024K)]


Current CompileTask:
C2:61764 2476   !   4       java.util.jar.Attributes::read (494 bytes)

Stack: [0x00000099eba00000,0x00000099ebb00000]
Native frames: (J=compiled Java code, j=interpreted, Vv=VM code, C=native code)
V  [jvm.dll+0x6cd4e9]
V  [jvm.dll+0x8a7941]
V  [jvm.dll+0x8a9e6e]
V  [jvm.dll+0x8aa543]
V  [jvm.dll+0x27f6d6]
V  [jvm.dll+0xc500d]
V  [jvm.dll+0xc5543]
V  [jvm.dll+0x3b660c]
V  [jvm.dll+0x1dfdf3]
V  [jvm.dll+0x247b22]
V  [jvm.dll+0x246faf]
V  [jvm.dll+0x1c75ce]
V  [jvm.dll+0x25682a]
V  [jvm.dll+0x254dca]
V  [jvm.dll+0x3f00d6]
V  [jvm.dll+0x8514fb]
V  [jvm.dll+0x6cbbed]
C  [ucrtbase.dll+0x37b0]
C  [KERNEL32.DLL+0x2e8d7]
C  [ntdll.dll+0xbbf2c]


---------------  P R O C E S S  ---------------

Threads class SMR info:
_java_thread_list=0x00000231e05ab050, length=16, elements={
0x00000231c4f5cee0, 0x00000231e0000080, 0x00000231e0005030, 0x00000231e0008330,
0x00000231e00091e0, 0x00000231e000c3c0, 0x00000231e000ce10, 0x00000231e00102d0,
0x00000231e0011260, 0x00000231c4fc8d00, 0x00000231e0360fa0, 0x00000231e0c4d900,
0x00000231e01628b0, 0x00000231e084ad10, 0x00000231e0224210, 0x00000231e0b197f0
}

Java Threads: ( => current thread )
  0x00000231c4f5cee0 JavaThread "main"                              [_thread_blocked, id=17368, stack(0x00000099eb000000,0x00000099eb100000) (1024K)]
  0x00000231e0000080 JavaThread "Reference Handler"          daemon [_thread_blocked, id=1652, stack(0x00000099eb400000,0x00000099eb500000) (1024K)]
  0x00000231e0005030 JavaThread "Finalizer"                  daemon [_thread_blocked, id=6292, stack(0x00000099eb500000,0x00000099eb600000) (1024K)]
  0x00000231e0008330 JavaThread "Signal Dispatcher"          daemon [_thread_blocked, id=22856, stack(0x00000099eb600000,0x00000099eb700000) (1024K)]
  0x00000231e00091e0 JavaThread "Attach Listener"            daemon [_thread_blocked, id=25676, stack(0x00000099eb700000,0x00000099eb800000) (1024K)]
  0x00000231e000c3c0 JavaThread "Service Thread"             daemon [_thread_blocked, id=26452, stack(0x00000099eb800000,0x00000099eb900000) (1024K)]
  0x00000231e000ce10 JavaThread "Monitor Deflation Thread"   daemon [_thread_blocked, id=28596, stack(0x00000099eb900000,0x00000099eba00000) (1024K)]
=>0x00000231e00102d0 JavaThread "C2 CompilerThread0"         daemon [_thread_in_native, id=18352, stack(0x00000099eba00000,0x00000099ebb00000) (1024K)]
  0x00000231e0011260 JavaThread "C1 CompilerThread0"         daemon [_thread_blocked, id=13152, stack(0x00000099ebb00000,0x00000099ebc00000) (1024K)]
  0x00000231c4fc8d00 JavaThread "Common-Cleaner"             daemon [_thread_blocked, id=3932, stack(0x00000099ebc00000,0x00000099ebd00000) (1024K)]
  0x00000231e0360fa0 JavaThread "Notification Thread"        daemon [_thread_blocked, id=25968, stack(0x00000099ebd00000,0x00000099ebe00000) (1024K)]
  0x00000231e0c4d900 JavaThread "Active Thread: Equinox Container: eafdb615-8a2f-4a59-bc39-549aec00dfe8"        [_thread_blocked, id=7072, stack(0x00000099ec600000,0x00000099ec700000) (1024K)]
  0x00000231e01628b0 JavaThread "Refresh Thread: Equinox Container: eafdb615-8a2f-4a59-bc39-549aec00dfe8" daemon [_thread_blocked, id=21788, stack(0x00000099ec400000,0x00000099ec500000) (1024K)]
  0x00000231e084ad10 JavaThread "Framework Event Dispatcher: Equinox Container: eafdb615-8a2f-4a59-bc39-549aec00dfe8" daemon [_thread_blocked, id=26892, stack(0x00000099ec500000,0x00000099ec600000) (1024K)]
  0x00000231e0224210 JavaThread "Start Level: Equinox Container: eafdb615-8a2f-4a59-bc39-549aec00dfe8" daemon [_thread_in_native, id=23668, stack(0x00000099ec700000,0x00000099ec800000) (1024K)]
  0x00000231e0b197f0 JavaThread "Bundle File Closer"         daemon [_thread_blocked, id=13876, stack(0x00000099eae00000,0x00000099eaf00000) (1024K)]
Total: 16

Other Threads:
  0x00000231c501e710 VMThread "VM Thread"                           [id=25620, stack(0x00000099eb300000,0x00000099eb400000) (1024K)]
  0x00000231d9b7ca00 WatcherThread "VM Periodic Task Thread"        [id=7668, stack(0x00000099eb200000,0x00000099eb300000) (1024K)]
  0x00000231c4f7bfb0 WorkerThread "GC Thread#0"                     [id=26472, stack(0x00000099eb100000,0x00000099eb200000) (1024K)]
  0x00000231e046ec80 WorkerThread "GC Thread#1"                     [id=16440, stack(0x00000099ebe00000,0x00000099ebf00000) (1024K)]
  0x00000231e046e540 WorkerThread "GC Thread#2"                     [id=1692, stack(0x00000099ebf00000,0x00000099ec000000) (1024K)]
  0x00000231e046e8e0 WorkerThread "GC Thread#3"                     [id=27624, stack(0x00000099ec000000,0x00000099ec100000) (1024K)]
  0x00000231e046f020 WorkerThread "GC Thread#4"                     [id=24076, stack(0x00000099ec100000,0x00000099ec200000) (1024K)]
  0x00000231e046e1a0 WorkerThread "GC Thread#5"                     [id=22276, stack(0x00000099ec200000,0x00000099ec300000) (1024K)]
  0x00000231e046f3c0 WorkerThread "GC Thread#6"                     [id=17776, stack(0x00000099ec300000,0x00000099ec400000) (1024K)]
  0x00000231e046f760 WorkerThread "GC Thread#7"                     [id=20248, stack(0x00000099ec800000,0x00000099ec900000) (1024K)]
  0x00000231e04f37e0 WorkerThread "GC Thread#8"                     [id=24880, stack(0x00000099ec900000,0x00000099eca00000) (1024K)]
  0x00000231e04f08c0 WorkerThread "GC Thread#9"                     [id=27008, stack(0x00000099eca00000,0x00000099ecb00000) (1024K)]
Total: 12

Threads with active compile tasks:
C2 CompilerThread0  61809 2476   !   4       java.util.jar.Attributes::read (494 bytes)
Total: 1

VM state: not at safepoint (normal execution)

VM Mutex/Monitor currently owned by a thread: None

Heap address: 0x00000000c0000000, size: 1024 MB, Compressed Oops mode: 32-bit

CDS archive(s) mapped at: [0x0000023180000000-0x0000023180ba0000-0x0000023180ba0000), size 12189696, SharedBaseAddress: 0x0000023180000000, ArchiveRelocationMode: 1.
Compressed class space mapped at: 0x0000023181000000-0x00000231c1000000, reserved size: 1073741824
Narrow klass base: 0x0000023180000000, Narrow klass shift: 0, Narrow klass range: 0x100000000

GC Precious Log:
 CardTable entry size: 512
 CPUs: 12 total, 12 available
 Memory: 7501M
 Large Page Support: Disabled
 NUMA Support: Disabled
 Compressed Oops: Enabled (32-bit)
 Alignments: Space 512K, Generation 512K, Heap 2M
 Heap Min Capacity: 100M
 Heap Initial Capacity: 100M
 Heap Max Capacity: 1G
 Pre-touch: Disabled
 Parallel Workers: 10

Heap:
 PSYoungGen      total 29696K, used 10480K [0x00000000eab00000, 0x00000000ecc00000, 0x0000000100000000)
  eden space 25600K, 25% used [0x00000000eab00000,0x00000000eb141040,0x00000000ec400000)
  from space 4096K, 99% used [0x00000000ec400000,0x00000000ec7fb350,0x00000000ec800000)
  to   space 4096K, 0% used [0x00000000ec800000,0x00000000ec800000,0x00000000ecc00000)
 ParOldGen       total 68608K, used 5887K [0x00000000c0000000, 0x00000000c4300000, 0x00000000eab00000)
  object space 68608K, 8% used [0x00000000c0000000,0x00000000c05bfca8,0x00000000c4300000)
 Metaspace       used 9507K, committed 9856K, reserved 1114112K
  class space    used 932K, committed 1088K, reserved 1048576K

Card table byte_map: [0x00000231d7530000,0x00000231d7740000] _byte_map_base: 0x00000231d6f30000

Marking Bits: (ParMarkBitMap*) 0x00007ffcc17b2250
 Begin Bits: [0x00000231d78a0000, 0x00000231d88a0000)
 End Bits:   [0x00000231d88a0000, 0x00000231d98a0000)

Polling page: 0x00000231c36e0000

Metaspace:

Usage:
  Non-class:      8.37 MB used.
      Class:    932.17 KB used.
       Both:      9.28 MB used.

Virtual space:
  Non-class space:       64.00 MB reserved,       8.56 MB ( 13%) committed,  1 nodes.
      Class space:        1.00 GB reserved,       1.06 MB ( <1%) committed,  1 nodes.
             Both:        1.06 GB reserved,       9.62 MB ( <1%) committed. 

Chunk freelists:
   Non-Class:  6.83 MB
       Class:  14.84 MB
        Both:  21.67 MB

MaxMetaspaceSize: unlimited
CompressedClassSpaceSize: 1.00 GB
Initial GC threshold: 21.00 MB
Current GC threshold: 21.00 MB
CDS: on
 - commit_granule_bytes: 65536.
 - commit_granule_words: 8192.
 - virtual_space_node_default_size: 8388608.
 - enlarge_chunks_in_place: 1.
 - use_allocation_guard: 0.


Internal statistics:

num_allocs_failed_limit: 0.
num_arena_births: 228.
num_arena_deaths: 0.
num_vsnodes_births: 2.
num_vsnodes_deaths: 0.
num_space_committed: 154.
num_space_uncommitted: 0.
num_chunks_returned_to_freelist: 0.
num_chunks_taken_from_freelist: 456.
num_chunk_merges: 0.
num_chunk_splits: 302.
num_chunks_enlarged: 211.
num_inconsistent_stats: 0.

CodeHeap 'non-profiled nmethods': size=120000Kb used=1172Kb max_used=1172Kb free=118828Kb
 bounds [0x00000231cfe20000, 0x00000231d0090000, 0x00000231d7350000]
CodeHeap 'profiled nmethods': size=120000Kb used=4708Kb max_used=4708Kb free=115291Kb
 bounds [0x00000231c8350000, 0x00000231c87f0000, 0x00000231cf880000]
CodeHeap 'non-nmethods': size=5760Kb used=1229Kb max_used=1268Kb free=4530Kb
 bounds [0x00000231cf880000, 0x00000231cfaf0000, 0x00000231cfe20000]
 total_blobs=2965 nmethods=2476 adapters=395
 compilation: enabled
              stopped_count=0, restarted_count=0
 full_count=0

Compilation events (20 events):
Event: 56.656 Thread 0x00000231e0011260 nmethod 2468 0x00000231c87e3a10 code [0x00000231c87e3be0, 0x00000231c87e3ed0]
Event: 56.656 Thread 0x00000231e0011260 2469       3       java.util.stream.Sink::end (1 bytes)
Event: 56.656 Thread 0x00000231e0011260 nmethod 2469 0x00000231c87e3f90 code [0x00000231c87e4120, 0x00000231c87e4228]
Event: 57.127 Thread 0x00000231e0011260 2470       3       java.util.stream.Sink::begin (1 bytes)
Event: 57.128 Thread 0x00000231e0011260 nmethod 2470 0x00000231c87e4290 code [0x00000231c87e4420, 0x00000231c87e4528]
Event: 57.129 Thread 0x00000231e0011260 2471       3       org.eclipse.osgi.internal.framework.EquinoxBundle::getHeaders (6 bytes)
Event: 57.130 Thread 0x00000231e0011260 nmethod 2471 0x00000231c87e4590 code [0x00000231c87e4740, 0x00000231c87e4918]
Event: 57.130 Thread 0x00000231e0011260 2473   !   3       org.eclipse.osgi.storage.ManifestLocalization::getHeaders (243 bytes)
Event: 57.133 Thread 0x00000231e0011260 nmethod 2473 0x00000231c87e4a10 code [0x00000231c87e4de0, 0x00000231c87e67d0]
Event: 57.133 Thread 0x00000231e0011260 2472       3       org.eclipse.osgi.internal.framework.EquinoxBundle::getHeaders (16 bytes)
Event: 57.134 Thread 0x00000231e0011260 nmethod 2472 0x00000231c87e7190 code [0x00000231c87e73a0, 0x00000231c87e7828]
Event: 57.288 Thread 0x00000231e0011260 2474       3       org.eclipse.equinox.launcher.Main$SplashHandler::updateSplash (32 bytes)
Event: 57.289 Thread 0x00000231e0011260 nmethod 2474 0x00000231c87e7a90 code [0x00000231c87e7d00, 0x00000231c87e8590]
Event: 57.551 Thread 0x00000231e00102d0 2475       4       java.util.ImmutableCollections$MapN::probe (60 bytes)
Event: 57.552 Thread 0x00000231e0011260 2477       3       org.eclipse.osgi.framework.util.CaseInsensitiveDictionaryMap$UnmodifiableDictionary::get (9 bytes)
Event: 57.552 Thread 0x00000231e0011260 nmethod 2477 0x00000231c87e8910 code [0x00000231c87e8ac0, 0x00000231c87e8c98]
Event: 57.559 Thread 0x00000231e00102d0 nmethod 2475 0x00000231cff44690 code [0x00000231cff44860, 0x00000231cff44da0]
Event: 57.559 Thread 0x00000231e00102d0 2476   !   4       java.util.jar.Attributes::read (494 bytes)
Event: 58.598 Thread 0x00000231e0011260 2478       3       java.util.HashSet::iterator (13 bytes)
Event: 58.599 Thread 0x00000231e0011260 nmethod 2478 0x00000231c87e8d90 code [0x00000231c87e8f60, 0x00000231c87e91f8]

GC Heap History (6 events):
Event: 2.554 GC heap before
{Heap before GC invocations=1 (full 0):
 PSYoungGen      total 29696K, used 25600K [0x00000000eab00000, 0x00000000ecc00000, 0x0000000100000000)
  eden space 25600K, 100% used [0x00000000eab00000,0x00000000ec400000,0x00000000ec400000)
  from space 4096K, 0% used [0x00000000ec800000,0x00000000ec800000,0x00000000ecc00000)
  to   space 4096K, 0% used [0x00000000ec400000,0x00000000ec400000,0x00000000ec800000)
 ParOldGen       total 68608K, used 0K [0x00000000c0000000, 0x00000000c4300000, 0x00000000eab00000)
  object space 68608K, 0% used [0x00000000c0000000,0x00000000c0000000,0x00000000c4300000)
 Metaspace       used 4345K, committed 4544K, reserved 1114112K
  class space    used 436K, committed 512K, reserved 1048576K
}
Event: 2.574 GC heap after
{Heap after GC invocations=1 (full 0):
 PSYoungGen      total 29696K, used 3238K [0x00000000eab00000, 0x00000000ecc00000, 0x0000000100000000)
  eden space 25600K, 0% used [0x00000000eab00000,0x00000000eab00000,0x00000000ec400000)
  from space 4096K, 79% used [0x00000000ec400000,0x00000000ec729850,0x00000000ec800000)
  to   space 4096K, 0% used [0x00000000ec800000,0x00000000ec800000,0x00000000ecc00000)
 ParOldGen       total 68608K, used 16K [0x00000000c0000000, 0x00000000c4300000, 0x00000000eab00000)
  object space 68608K, 0% used [0x00000000c0000000,0x00000000c0004000,0x00000000c4300000)
 Metaspace       used 4345K, committed 4544K, reserved 1114112K
  class space    used 436K, committed 512K, reserved 1048576K
}
Event: 23.006 GC heap before
{Heap before GC invocations=2 (full 0):
 PSYoungGen      total 29696K, used 28838K [0x00000000eab00000, 0x00000000ecc00000, 0x0000000100000000)
  eden space 25600K, 100% used [0x00000000eab00000,0x00000000ec400000,0x00000000ec400000)
  from space 4096K, 79% used [0x00000000ec400000,0x00000000ec729850,0x00000000ec800000)
  to   space 4096K, 0% used [0x00000000ec800000,0x00000000ec800000,0x00000000ecc00000)
 ParOldGen       total 68608K, used 16K [0x00000000c0000000, 0x00000000c4300000, 0x00000000eab00000)
  object space 68608K, 0% used [0x00000000c0000000,0x00000000c0004000,0x00000000c4300000)
 Metaspace       used 8035K, committed 8320K, reserved 1114112K
  class space    used 790K, committed 896K, reserved 1048576K
}
Event: 23.015 GC heap after
{Heap after GC invocations=2 (full 0):
 PSYoungGen      total 29696K, used 4070K [0x00000000eab00000, 0x00000000ecc00000, 0x0000000100000000)
  eden space 25600K, 0% used [0x00000000eab00000,0x00000000eab00000,0x00000000ec400000)
  from space 4096K, 99% used [0x00000000ec800000,0x00000000ecbf9850,0x00000000ecc00000)
  to   space 4096K, 0% used [0x00000000ec400000,0x00000000ec400000,0x00000000ec800000)
 ParOldGen       total 68608K, used 1640K [0x00000000c0000000, 0x00000000c4300000, 0x00000000eab00000)
  object space 68608K, 2% used [0x00000000c0000000,0x00000000c019a020,0x00000000c4300000)
 Metaspace       used 8035K, committed 8320K, reserved 1114112K
  class space    used 790K, committed 896K, reserved 1048576K
}
Event: 40.771 GC heap before
{Heap before GC invocations=3 (full 0):
 PSYoungGen      total 29696K, used 29665K [0x00000000eab00000, 0x00000000ecc00000, 0x0000000100000000)
  eden space 25600K, 99% used [0x00000000eab00000,0x00000000ec3fee88,0x00000000ec400000)
  from space 4096K, 99% used [0x00000000ec800000,0x00000000ecbf9850,0x00000000ecc00000)
  to   space 4096K, 0% used [0x00000000ec400000,0x00000000ec400000,0x00000000ec800000)
 ParOldGen       total 68608K, used 1640K [0x00000000c0000000, 0x00000000c4300000, 0x00000000eab00000)
  object space 68608K, 2% used [0x00000000c0000000,0x00000000c019a020,0x00000000c4300000)
 Metaspace       used 9434K, committed 9792K, reserved 1114112K
  class space    used 932K, committed 1088K, reserved 1048576K
}
Event: 40.784 GC heap after
{Heap after GC invocations=3 (full 0):
 PSYoungGen      total 29696K, used 4076K [0x00000000eab00000, 0x00000000ecc00000, 0x0000000100000000)
  eden space 25600K, 0% used [0x00000000eab00000,0x00000000eab00000,0x00000000ec400000)
  from space 4096K, 99% used [0x00000000ec400000,0x00000000ec7fb350,0x00000000ec800000)
  to   space 4096K, 0% used [0x00000000ec800000,0x00000000ec800000,0x00000000ecc00000)
 ParOldGen       total 68608K, used 5887K [0x00000000c0000000, 0x00000000c4300000, 0x00000000eab00000)
  object space 68608K, 8% used [0x00000000c0000000,0x00000000c05bfca8,0x00000000c4300000)
 Metaspace       used 9434K, committed 9792K, reserved 1114112K
  class space    used 932K, committed 1088K, reserved 1048576K
}

Dll operation events (9 events):
Event: 0.087 Loaded shared library c:\Users\HP\.vscode\extensions\redhat.java-1.39.0-win32-x64\jre\21.0.5-win32-x86_64\bin\java.dll
Event: 0.413 Loaded shared library c:\Users\HP\.vscode\extensions\redhat.java-1.39.0-win32-x64\jre\21.0.5-win32-x86_64\bin\zip.dll
Event: 0.457 Loaded shared library C:\Users\HP\.vscode\extensions\redhat.java-1.39.0-win32-x64\jre\21.0.5-win32-x86_64\bin\instrument.dll
Event: 0.468 Loaded shared library C:\Users\HP\.vscode\extensions\redhat.java-1.39.0-win32-x64\jre\21.0.5-win32-x86_64\bin\net.dll
Event: 0.475 Loaded shared library C:\Users\HP\.vscode\extensions\redhat.java-1.39.0-win32-x64\jre\21.0.5-win32-x86_64\bin\nio.dll
Event: 0.493 Loaded shared library C:\Users\HP\.vscode\extensions\redhat.java-1.39.0-win32-x64\jre\21.0.5-win32-x86_64\bin\zip.dll
Event: 0.556 Loaded shared library C:\Users\HP\.vscode\extensions\redhat.java-1.39.0-win32-x64\jre\21.0.5-win32-x86_64\bin\jimage.dll
Event: 0.813 Loaded shared library c:\Users\HP\.vscode\extensions\redhat.java-1.39.0-win32-x64\jre\21.0.5-win32-x86_64\bin\verify.dll
Event: 22.927 Loaded shared library C:\Users\HP\AppData\Roaming\Code\User\globalStorage\redhat.java\1.39.0\config_win\org.eclipse.equinox.launcher\org.eclipse.equinox.launcher.win32.win32.x86_64_1.2.1100.v20240722-2106\eclipse_11904.dll

Deoptimization events (20 events):
Event: 35.155 Thread 0x00000231e0224210 DEOPT PACKING pc=0x00000231cfe646fc sp=0x00000099ec7fde00
Event: 35.155 Thread 0x00000231e0224210 DEOPT UNPACKING pc=0x00000231cf8d3aa2 sp=0x00000099ec7fddd0 mode 2
Event: 35.155 Thread 0x00000231e0224210 Uncommon trap: trap_request=0xffffff45 fr.pc=0x00000231cfe2f98c relative=0x000000000000006c
Event: 35.155 Thread 0x00000231e0224210 Uncommon trap: reason=unstable_if action=reinterpret pc=0x00000231cfe2f98c method=java.lang.String.isLatin1()Z @ 10 c2
Event: 35.155 Thread 0x00000231e0224210 DEOPT PACKING pc=0x00000231cfe2f98c sp=0x00000099ec7fdd70
Event: 35.155 Thread 0x00000231e0224210 DEOPT UNPACKING pc=0x00000231cf8d3aa2 sp=0x00000099ec7fdd00 mode 2
Event: 39.898 Thread 0x00000231e0224210 Uncommon trap: trap_request=0xffffff45 fr.pc=0x00000231cfe37820 relative=0x0000000000000100
Event: 39.898 Thread 0x00000231e0224210 Uncommon trap: reason=unstable_if action=reinterpret pc=0x00000231cfe37820 method=java.lang.StringCoding.countPositives([BII)I @ 17 c2
Event: 39.898 Thread 0x00000231e0224210 DEOPT PACKING pc=0x00000231cfe37820 sp=0x00000099ec7fd120
Event: 39.898 Thread 0x00000231e0224210 DEOPT UNPACKING pc=0x00000231cf8d3aa2 sp=0x00000099ec7fd0a8 mode 2
Event: 40.785 Thread 0x00000231e0224210 DEOPT PACKING pc=0x00000231c87a6749 sp=0x00000099ec7fd1a0
Event: 40.785 Thread 0x00000231e0224210 DEOPT UNPACKING pc=0x00000231cf8d4242 sp=0x00000099ec7fc610 mode 0
Event: 43.536 Thread 0x00000231e0224210 DEOPT PACKING pc=0x00000231c87a6749 sp=0x00000099ec7fd130
Event: 43.536 Thread 0x00000231e0224210 DEOPT UNPACKING pc=0x00000231cf8d4242 sp=0x00000099ec7fc5a0 mode 0
Event: 50.986 Thread 0x00000231e0224210 Uncommon trap: trap_request=0xffffff45 fr.pc=0x00000231cfe957cc relative=0x000000000000018c
Event: 50.987 Thread 0x00000231e0224210 Uncommon trap: reason=unstable_if action=reinterpret pc=0x00000231cfe957cc method=java.lang.String.startsWith(Ljava/lang/String;I)Z @ 50 c2
Event: 50.987 Thread 0x00000231e0224210 DEOPT PACKING pc=0x00000231cfe957cc sp=0x00000099ec7fe1f0
Event: 50.987 Thread 0x00000231e0224210 DEOPT UNPACKING pc=0x00000231cf8d3aa2 sp=0x00000099ec7fe120 mode 2
Event: 54.338 Thread 0x00000231e0224210 DEOPT PACKING pc=0x00000231c87a6749 sp=0x00000099ec7fda00
Event: 54.338 Thread 0x00000231e0224210 DEOPT UNPACKING pc=0x00000231cf8d4242 sp=0x00000099ec7fce70 mode 0

Classes loaded (20 events):
Event: 34.424 Loading class sun/util/locale/provider/TimeZoneNameProviderImpl done
Event: 34.424 Loading class sun/util/cldr/CLDRTimeZoneNameProviderImpl done
Event: 34.432 Loading class sun/util/locale/provider/BaseLocaleDataMetaInfo
Event: 34.432 Loading class sun/util/locale/provider/BaseLocaleDataMetaInfo done
Event: 34.438 Loading class sun/util/resources/cldr/TimeZoneNames
Event: 34.438 Loading class sun/util/resources/TimeZoneNamesBundle
Event: 34.438 Loading class sun/util/resources/OpenListResourceBundle
Event: 34.439 Loading class sun/util/resources/OpenListResourceBundle done
Event: 34.439 Loading class sun/util/resources/TimeZoneNamesBundle done
Event: 34.439 Loading class sun/util/resources/cldr/TimeZoneNames done
Event: 34.440 Loading class sun/util/resources/cldr/TimeZoneNames_en
Event: 34.442 Loading class sun/util/resources/cldr/TimeZoneNames_en done
Event: 34.451 Loading class sun/util/resources/cldr/TimeZoneNames_en_US
Event: 34.451 Loading class sun/util/resources/cldr/TimeZoneNames_en_US done
Event: 34.458 Loading class sun/util/cldr/CLDRBaseLocaleDataMetaInfo$TZCanonicalIDMapHolder
Event: 34.464 Loading class sun/util/cldr/CLDRBaseLocaleDataMetaInfo$TZCanonicalIDMapHolder done
Event: 34.471 Loading class sun/util/resources/TimeZoneNames
Event: 34.473 Loading class sun/util/resources/TimeZoneNames done
Event: 34.474 Loading class sun/util/resources/TimeZoneNames_en
Event: 34.475 Loading class sun/util/resources/TimeZoneNames_en done

Classes unloaded (0 events):
No events

Classes redefined (0 events):
No events

Internal exceptions (20 events):
Event: 2.507 Thread 0x00000231c4f5cee0 Implicit null exception at 0x00000231cfe788ba to 0x00000231cfe78b50
Event: 2.507 Thread 0x00000231c4f5cee0 Implicit null exception at 0x00000231cfe7b03c to 0x00000231cfe7b2d8
Event: 2.507 Thread 0x00000231c4f5cee0 Implicit null exception at 0x00000231cfe8033d to 0x00000231cfe803c1
Event: 2.695 Thread 0x00000231c4f5cee0 Exception <a 'java/lang/NoSuchMethodError'{0x00000000eacf02e0}: 'long java.lang.invoke.DirectMethodHandle$Holder.invokeStatic(java.lang.Object, java.lang.Object, int)'> (0x00000000eacf02e0) 
thrown [s\src\hotspot\share\interpreter\linkResolver.cpp, line 773]
Event: 2.698 Thread 0x00000231c4f5cee0 Exception <a 'java/lang/NoSuchMethodError'{0x00000000eacf7e48}: 'java.lang.Object java.lang.invoke.DirectMethodHandle$Holder.invokeSpecial(java.lang.Object, java.lang.Object, java.lang.Object, java.lang.Object, long)'> (0x00000000eacf7e48) 
thrown [s\src\hotspot\share\interpreter\linkResolver.cpp, line 773]
Event: 2.705 Thread 0x00000231c4f5cee0 Exception <a 'java/lang/NoSuchMethodError'{0x00000000ead05ac8}: 'java.lang.Object java.lang.invoke.DirectMethodHandle$Holder.invokeSpecial(java.lang.Object, java.lang.Object, java.lang.Object, int, java.lang.Object)'> (0x00000000ead05ac8) 
thrown [s\src\hotspot\share\interpreter\linkResolver.cpp, line 773]
Event: 2.713 Thread 0x00000231c4f5cee0 Exception <a 'java/lang/NoSuchMethodError'{0x00000000ead1f760}: 'java.lang.Object java.lang.invoke.Invokers$Holder.invokeExact_MT(java.lang.Object, java.lang.Object, java.lang.Object, java.lang.Object, java.lang.Object, java.lang.Object)'> (0x00000000ead1f760) 
thrown [s\src\hotspot\share\interpreter\linkResolver.cpp, line 773]
Event: 2.722 Thread 0x00000231c4f5cee0 Exception <a 'java/lang/NoSuchMethodError'{0x00000000ead38ed0}: 'int java.lang.invoke.DirectMethodHandle$Holder.invokeStaticInit(java.lang.Object, java.lang.Object, java.lang.Object, java.lang.Object)'> (0x00000000ead38ed0) 
thrown [s\src\hotspot\share\interpreter\linkResolver.cpp, line 773]
Event: 2.726 Thread 0x00000231c4f5cee0 Exception <a 'java/lang/NoSuchMethodError'{0x00000000ead41920}: 'java.lang.Object java.lang.invoke.DirectMethodHandle$Holder.invokeInterface(java.lang.Object, java.lang.Object)'> (0x00000000ead41920) 
thrown [s\src\hotspot\share\interpreter\linkResolver.cpp, line 773]
Event: 2.727 Thread 0x00000231c4f5cee0 Exception <a 'java/lang/IncompatibleClassChangeError'{0x00000000ead44e58}: Found class java.lang.Object, but interface was expected> (0x00000000ead44e58) 
thrown [s\src\hotspot\share\interpreter\linkResolver.cpp, line 840]
Event: 2.731 Thread 0x00000231c4f5cee0 Exception <a 'java/lang/NoSuchMethodError'{0x00000000ead49010}: 'void java.lang.invoke.DirectMethodHandle$Holder.invokeStatic(java.lang.Object, java.lang.Object)'> (0x00000000ead49010) 
thrown [s\src\hotspot\share\interpreter\linkResolver.cpp, line 773]
Event: 2.734 Thread 0x00000231c4f5cee0 Exception <a 'java/lang/NoSuchMethodError'{0x00000000ead4c3b8}: 'void java.lang.invoke.DirectMethodHandle$Holder.invokeStaticInit(java.lang.Object, java.lang.Object)'> (0x00000000ead4c3b8) 
thrown [s\src\hotspot\share\interpreter\linkResolver.cpp, line 773]
Event: 2.737 Thread 0x00000231c4f5cee0 Exception <a 'java/lang/NoSuchMethodError'{0x00000000ead53418}: 'int java.lang.invoke.DirectMethodHandle$Holder.invokeStaticInit(java.lang.Object, java.lang.Object)'> (0x00000000ead53418) 
thrown [s\src\hotspot\share\interpreter\linkResolver.cpp, line 773]
Event: 2.989 Thread 0x00000231c4f5cee0 Exception <a 'java/lang/NoSuchMethodError'{0x00000000eaeb2158}: 'void java.lang.invoke.DirectMethodHandle$Holder.invokeSpecial(java.lang.Object, java.lang.Object, java.lang.Object)'> (0x00000000eaeb2158) 
thrown [s\src\hotspot\share\interpreter\linkResolver.cpp, line 773]
Event: 3.804 Thread 0x00000231c4f5cee0 Exception <a 'java/lang/NoSuchMethodError'{0x00000000eb88ae58}: 'int java.lang.invoke.DirectMethodHandle$Holder.invokeVirtual(java.lang.Object, java.lang.Object)'> (0x00000000eb88ae58) 
thrown [s\src\hotspot\share\interpreter\linkResolver.cpp, line 773]
Event: 4.264 Thread 0x00000231c4f5cee0 Exception <a 'java/lang/NoSuchMethodError'{0x00000000ebc56858}: 'java.lang.Object java.lang.invoke.DirectMethodHandle$Holder.newInvokeSpecial(java.lang.Object, int, java.lang.Object)'> (0x00000000ebc56858) 
thrown [s\src\hotspot\share\interpreter\linkResolver.cpp, line 773]
Event: 4.276 Thread 0x00000231c4f5cee0 Exception <a 'java/lang/NoSuchMethodError'{0x00000000ebc73208}: 'java.lang.Object java.lang.invoke.DirectMethodHandle$Holder.newInvokeSpecial(java.lang.Object, java.lang.Object, java.lang.Object, java.lang.Object, int, java.lang.Object)'> (0x00000000ebc73208) 
thrown [s\src\hotspot\share\interpreter\linkResolver.cpp, line 773]
Event: 22.903 Thread 0x00000231c4f5cee0 Exception <a 'java/lang/UnsatisfiedLinkError'{0x00000000ec1feeb0}: 'void org.eclipse.equinox.launcher.JNIBridge._update_splash()'> (0x00000000ec1feeb0) 
thrown [s\src\hotspot\share\prims\nativeLookup.cpp, line 415]
Event: 25.193 Thread 0x00000231e0224210 Exception <a 'java/lang/NoSuchMethodError'{0x00000000eaf80190}: 'java.lang.Object java.lang.invoke.DirectMethodHandle$Holder.newInvokeSpecial(java.lang.Object, java.lang.Object, int, java.lang.Object)'> (0x00000000eaf80190) 
thrown [s\src\hotspot\share\interpreter\linkResolver.cpp, line 773]
Event: 25.329 Thread 0x00000231e0224210 Exception <a 'java/lang/ClassNotFoundException'{0x00000000eb187980}: sun/util/logging/resources/spi/loggingProvider> (0x00000000eb187980) 
thrown [s\src\hotspot\share\classfile\systemDictionary.cpp, line 312]

ZGC Phase Switch (0 events):
No events

VM Operations (20 events):
Event: 41.799 Executing VM operation: Cleanup
Event: 41.799 Executing VM operation: Cleanup done
Event: 49.860 Executing VM operation: Cleanup
Event: 49.861 Executing VM operation: Cleanup done
Event: 51.871 Executing VM operation: Cleanup
Event: 51.871 Executing VM operation: Cleanup done
Event: 52.871 Executing VM operation: Cleanup
Event: 53.686 Executing VM operation: Cleanup done
Event: 55.708 Executing VM operation: Cleanup
Event: 55.708 Executing VM operation: Cleanup done
Event: 56.708 Executing VM operation: Cleanup
Event: 56.708 Executing VM operation: Cleanup done
Event: 57.722 Executing VM operation: Cleanup
Event: 57.722 Executing VM operation: Cleanup done
Event: 58.737 Executing VM operation: Cleanup
Event: 58.737 Executing VM operation: Cleanup done
Event: 60.136 Executing VM operation: HandshakeAllThreads (HandshakeForDeflation)
Event: 61.757 Executing VM operation: HandshakeAllThreads (HandshakeForDeflation) done
Event: 61.757 Executing VM operation: RendezvousGCThreads
Event: 61.757 Executing VM operation: RendezvousGCThreads done

Memory protections (0 events):
No events

Nmethod flushes (0 events):
No events

Events (20 events):
Event: 3.185 Thread 0x00000231e06c4b60 Thread added: 0x00000231e06c5200
Event: 4.030 Thread 0x00000231c4f5cee0 Thread added: 0x00000231e0c4d900
Event: 4.043 Thread 0x00000231e06c4b60 Thread exited: 0x00000231e06c4b60
Event: 4.043 Thread 0x00000231e06c5200 Thread exited: 0x00000231e06c5200
Event: 4.471 Thread 0x00000231e0011260 Thread added: 0x00000231e09a0920
Event: 4.471 Thread 0x00000231e0011260 Thread added: 0x00000231e09a0fc0
Event: 4.677 Thread 0x00000231e09a0fc0 Thread exited: 0x00000231e09a0fc0
Event: 4.678 Thread 0x00000231e09a0920 Thread exited: 0x00000231e09a0920
Event: 22.899 Thread 0x00000231c4f5cee0 Thread added: 0x00000231e01628b0
Event: 23.000 Thread 0x00000231e01628b0 Thread added: 0x00000231e084ad10
Event: 23.006 Thread 0x00000231c4f5cee0 Thread added: 0x00000231e0224210
Event: 25.477 Thread 0x00000231e0011260 Thread added: 0x00000231e0527840
Event: 25.496 Thread 0x00000231e0011260 Thread added: 0x00000231e0832bb0
Event: 27.723 Thread 0x00000231e0832bb0 Thread exited: 0x00000231e0832bb0
Event: 27.723 Thread 0x00000231e0527840 Thread exited: 0x00000231e0527840
Event: 34.207 Thread 0x00000231e00102d0 Thread added: 0x00000231e0524860
Event: 34.249 Thread 0x00000231e0011260 Thread added: 0x00000231e0b197f0
Event: 35.099 Thread 0x00000231e0524860 Thread exited: 0x00000231e0524860
Event: 35.099 Thread 0x00000231e0b197f0 Thread exited: 0x00000231e0b197f0
Event: 35.148 Thread 0x00000231e0224210 Thread added: 0x00000231e0b197f0


Dynamic libraries:
0x00007ff667250000 - 0x00007ff66725e000 	c:\Users\HP\.vscode\extensions\redhat.java-1.39.0-win32-x64\jre\21.0.5-win32-x86_64\bin\java.exe
0x00007ffd6bb40000 - 0x00007ffd6bda3000 	C:\WINDOWS\SYSTEM32\ntdll.dll
0x00007ffd69da0000 - 0x00007ffd69e67000 	C:\WINDOWS\System32\KERNEL32.DLL
0x00007ffd693b0000 - 0x00007ffd69777000 	C:\WINDOWS\System32\KERNELBASE.dll
0x00007ffd68f90000 - 0x00007ffd690dc000 	C:\WINDOWS\System32\ucrtbase.dll
0x00007ffd363e0000 - 0x00007ffd363fe000 	c:\Users\HP\.vscode\extensions\redhat.java-1.39.0-win32-x64\jre\21.0.5-win32-x86_64\bin\VCRUNTIME140.dll
0x00007ffd35800000 - 0x00007ffd35818000 	c:\Users\HP\.vscode\extensions\redhat.java-1.39.0-win32-x64\jre\21.0.5-win32-x86_64\bin\jli.dll
0x00007ffd6ac10000 - 0x00007ffd6add9000 	C:\WINDOWS\System32\USER32.dll
0x00007ffd69950000 - 0x00007ffd69977000 	C:\WINDOWS\System32\win32u.dll
0x00007ffd6a5f0000 - 0x00007ffd6a61a000 	C:\WINDOWS\System32\GDI32.dll
0x00007ffd69820000 - 0x00007ffd6994b000 	C:\WINDOWS\System32\gdi32full.dll
0x00007ffd68ee0000 - 0x00007ffd68f83000 	C:\WINDOWS\System32\msvcp_win.dll
0x00007ffd4a2a0000 - 0x00007ffd4a530000 	C:\WINDOWS\WinSxS\amd64_microsoft.windows.common-controls_6595b64144ccf1df_6.0.26100.3037_none_3e09262ce333c378\COMCTL32.dll
0x00007ffd6ba50000 - 0x00007ffd6baf9000 	C:\WINDOWS\System32\msvcrt.dll
0x00007ffd69e70000 - 0x00007ffd69e9f000 	C:\WINDOWS\System32\IMM32.DLL
0x00007ffd562c0000 - 0x00007ffd562cc000 	c:\Users\HP\.vscode\extensions\redhat.java-1.39.0-win32-x64\jre\21.0.5-win32-x86_64\bin\vcruntime140_1.dll
0x00007ffd10610000 - 0x00007ffd1069d000 	c:\Users\HP\.vscode\extensions\redhat.java-1.39.0-win32-x64\jre\21.0.5-win32-x86_64\bin\msvcp140.dll
0x00007ffcc0b00000 - 0x00007ffcc188f000 	c:\Users\HP\.vscode\extensions\redhat.java-1.39.0-win32-x64\jre\21.0.5-win32-x86_64\bin\server\jvm.dll
0x00007ffd6b680000 - 0x00007ffd6b734000 	C:\WINDOWS\System32\ADVAPI32.dll
0x00007ffd6b460000 - 0x00007ffd6b506000 	C:\WINDOWS\System32\sechost.dll
0x00007ffd6ade0000 - 0x00007ffd6aef6000 	C:\WINDOWS\System32\RPCRT4.dll
0x00007ffd6a630000 - 0x00007ffd6a6a4000 	C:\WINDOWS\System32\WS2_32.dll
0x00007ffd68bb0000 - 0x00007ffd68bfe000 	C:\WINDOWS\SYSTEM32\POWRPROF.dll
0x00007ffd61ad0000 - 0x00007ffd61b06000 	C:\WINDOWS\SYSTEM32\WINMM.dll
0x00007ffd61b10000 - 0x00007ffd61b1b000 	C:\WINDOWS\SYSTEM32\VERSION.dll
0x00007ffd68b90000 - 0x00007ffd68ba4000 	C:\WINDOWS\SYSTEM32\UMPDC.dll
0x00007ffd67d10000 - 0x00007ffd67d2a000 	C:\WINDOWS\SYSTEM32\kernel.appcore.dll
0x00007ffd55b40000 - 0x00007ffd55b4a000 	c:\Users\HP\.vscode\extensions\redhat.java-1.39.0-win32-x64\jre\21.0.5-win32-x86_64\bin\jimage.dll
0x00007ffd5b620000 - 0x00007ffd5b861000 	C:\WINDOWS\SYSTEM32\DBGHELP.DLL
0x00007ffd69980000 - 0x00007ffd69cfe000 	C:\WINDOWS\System32\combase.dll
0x00007ffd6b7f0000 - 0x00007ffd6b8c6000 	C:\WINDOWS\System32\OLEAUT32.dll
0x00007ffd4bb20000 - 0x00007ffd4bb59000 	C:\WINDOWS\SYSTEM32\dbgcore.DLL
0x00007ffd69780000 - 0x00007ffd69819000 	C:\WINDOWS\System32\bcryptPrimitives.dll
0x00007ffd4e330000 - 0x00007ffd4e33f000 	c:\Users\HP\.vscode\extensions\redhat.java-1.39.0-win32-x64\jre\21.0.5-win32-x86_64\bin\instrument.dll
0x00007ffd35630000 - 0x00007ffd3564f000 	c:\Users\HP\.vscode\extensions\redhat.java-1.39.0-win32-x64\jre\21.0.5-win32-x86_64\bin\java.dll
0x00007ffd69eb0000 - 0x00007ffd6a5b4000 	C:\WINDOWS\System32\SHELL32.dll
0x00007ffd66be0000 - 0x00007ffd67417000 	C:\WINDOWS\SYSTEM32\windows.storage.dll
0x00007ffd6afe0000 - 0x00007ffd6b0c9000 	C:\WINDOWS\System32\SHCORE.dll
0x00007ffd6af80000 - 0x00007ffd6afdd000 	C:\WINDOWS\System32\shlwapi.dll
0x00007ffd68df0000 - 0x00007ffd68e1e000 	C:\WINDOWS\SYSTEM32\profapi.dll
0x00007ffd33a60000 - 0x00007ffd33a78000 	c:\Users\HP\.vscode\extensions\redhat.java-1.39.0-win32-x64\jre\21.0.5-win32-x86_64\bin\zip.dll
0x00007ffd4dfa0000 - 0x00007ffd4dfb0000 	C:\Users\HP\.vscode\extensions\redhat.java-1.39.0-win32-x64\jre\21.0.5-win32-x86_64\bin\net.dll
0x00007ffd5ed60000 - 0x00007ffd5ee7e000 	C:\WINDOWS\SYSTEM32\WINHTTP.dll
0x00007ffd68220000 - 0x00007ffd6828a000 	C:\WINDOWS\system32\mswsock.dll
0x00007ffd33a40000 - 0x00007ffd33a56000 	C:\Users\HP\.vscode\extensions\redhat.java-1.39.0-win32-x64\jre\21.0.5-win32-x86_64\bin\nio.dll
0x00007ffd4dee0000 - 0x00007ffd4def0000 	c:\Users\HP\.vscode\extensions\redhat.java-1.39.0-win32-x64\jre\21.0.5-win32-x86_64\bin\verify.dll
0x00007ffd10510000 - 0x00007ffd10555000 	C:\Users\HP\AppData\Roaming\Code\User\globalStorage\redhat.java\1.39.0\config_win\org.eclipse.equinox.launcher\org.eclipse.equinox.launcher.win32.win32.x86_64_1.2.1100.v20240722-2106\eclipse_11904.dll
0x00007ffd6b0d0000 - 0x00007ffd6b265000 	C:\WINDOWS\System32\ole32.dll

dbghelp: loaded successfully - version: 4.0.5 - missing functions: none
symbol engine: initialized successfully - sym options: 0x614 - pdb path: .;c:\Users\HP\.vscode\extensions\redhat.java-1.39.0-win32-x64\jre\21.0.5-win32-x86_64\bin;C:\WINDOWS\SYSTEM32;C:\WINDOWS\WinSxS\amd64_microsoft.windows.common-controls_6595b64144ccf1df_6.0.26100.3037_none_3e09262ce333c378;c:\Users\HP\.vscode\extensions\redhat.java-1.39.0-win32-x64\jre\21.0.5-win32-x86_64\bin\server;C:\Users\HP\AppData\Roaming\Code\User\globalStorage\redhat.java\1.39.0\config_win\org.eclipse.equinox.launcher\org.eclipse.equinox.launcher.win32.win32.x86_64_1.2.1100.v20240722-2106

VM Arguments:
jvm_args: --add-modules=ALL-SYSTEM --add-opens=java.base/java.util=ALL-UNNAMED --add-opens=java.base/java.lang=ALL-UNNAMED --add-opens=java.base/sun.nio.fs=ALL-UNNAMED -Declipse.application=org.eclipse.jdt.ls.core.id1 -Dosgi.bundles.defaultStartLevel=4 -Declipse.product=org.eclipse.jdt.ls.core.product -Djava.import.generatesMetadataFilesAtProjectRoot=false -DDetectVMInstallationsJob.disabled=true -Dfile.encoding=utf8 -XX:+UseParallelGC -XX:GCTimeRatio=4 -XX:AdaptiveSizePolicyWeight=90 -Dsun.zip.disableMemoryMapping=true -Xmx1G -Xms100m -Xlog:disable -javaagent:c:\Users\HP\.vscode\extensions\redhat.java-1.39.0-win32-x64\lombok\lombok-1.18.34.jar -XX:+HeapDumpOnOutOfMemoryError -XX:HeapDumpPath=c:\Users\HP\AppData\Roaming\Code\User\workspaceStorage\0b69c30c4db3ca3c2521eea5189fcd6c\redhat.java -Daether.dependencyCollector.impl=bf 
java_command: c:\Users\HP\.vscode\extensions\redhat.java-1.39.0-win32-x64\server\plugins\org.eclipse.equinox.launcher_1.6.900.v20240613-2009.jar -configuration c:\Users\HP\AppData\Roaming\Code\User\globalStorage\redhat.java\1.39.0\config_win -data c:\Users\HP\AppData\Roaming\Code\User\workspaceStorage\0b69c30c4db3ca3c2521eea5189fcd6c\redhat.java\jdt_ws --pipe=\\.\pipe\lsp-05add039beafc9cb95e01b518f69e6b7-sock
java_class_path (initial): c:\Users\HP\.vscode\extensions\redhat.java-1.39.0-win32-x64\server\plugins\org.eclipse.equinox.launcher_1.6.900.v20240613-2009.jar
Launcher Type: SUN_STANDARD

[Global flags]
    uintx AdaptiveSizePolicyWeight                 = 90                                        {product} {command line}
     intx CICompilerCount                          = 4                                         {product} {ergonomic}
    uintx GCTimeRatio                              = 4                                         {product} {command line}
     bool HeapDumpOnOutOfMemoryError               = true                                   {manageable} {command line}
    ccstr HeapDumpPath                             = c:\Users\HP\AppData\Roaming\Code\User\workspaceStorage\0b69c30c4db3ca3c2521eea5189fcd6c\redhat.java         {manageable} {command line}
   size_t InitialHeapSize                          = 104857600                                 {product} {command line}
   size_t MaxHeapSize                              = 1073741824                                {product} {command line}
   size_t MaxNewSize                               = 357564416                                 {product} {ergonomic}
   size_t MinHeapDeltaBytes                        = 524288                                    {product} {ergonomic}
   size_t MinHeapSize                              = 104857600                                 {product} {command line}
   size_t NewSize                                  = 34603008                                  {product} {ergonomic}
    uintx NonNMethodCodeHeapSize                   = 5839372                                {pd product} {ergonomic}
    uintx NonProfiledCodeHeapSize                  = 122909434                              {pd product} {ergonomic}
   size_t OldSize                                  = 70254592                                  {product} {ergonomic}
    uintx ProfiledCodeHeapSize                     = 122909434                              {pd product} {ergonomic}
    uintx ReservedCodeCacheSize                    = 251658240                              {pd product} {ergonomic}
     bool SegmentedCodeCache                       = true                                      {product} {ergonomic}
   size_t SoftMaxHeapSize                          = 1073741824                             {manageable} {ergonomic}
     bool UseCompressedOops                        = true                           {product lp64_product} {ergonomic}
     bool UseLargePagesIndividualAllocation        = false                                  {pd product} {ergonomic}
     bool UseParallelGC                            = true                                      {product} {command line}

Logging:
Log output configuration:
 #0: stdout all=off uptime,level,tags foldmultilines=false
 #1: stderr all=off uptime,level,tags foldmultilines=false

Environment Variables:
PATH=C:\Users\HP\AppData\Local\Programs\Python\Python312\Scripts\;C:\Users\HP\AppData\Local\Programs\Python\Python312\;C:\Program Files\Common Files\Oracle\Java\javapath;C:\Python311\Scripts\;C:\Python311\;C:\WINDOWS\system32;C:\WINDOWS;C:\WINDOWS\System32\Wbem;C:\WINDOWS\System32\WindowsPowerShell\v1.0\;C:\WINDOWS\System32\OpenSSH\;C:\MinGW\mingw32\bin;C:\Program Files\dotnet\;C:\Program Files\Java\jdk1.8.0_211\bin;"C:\Program Files\Java\jdk1.7.0_72\bin;";C:\Program Files\MySQL\MySQL Server 8.0\bin;C:\ProgramData\chocolatey\bin;C:\Program Files\MongoDB\Server\6.0\bin;D:\Git\cmd;C:\Program Files\HP\HP One Agent;C:\WINDOWS\system32;C:\WINDOWS;C:\WINDOWS\System32\Wbem;C:\WINDOWS\System32\WindowsPowerShell\v1.0\;C:\WINDOWS\System32\OpenSSH\;C:\Program Files\nodejs;C:\Users\HP\AppData\Roaming\npm;;C:\Program Files\Docker\Docker\resources\bin;C:\Program Files\MySQL\MySQL Shell 8.0\bin\;C:\Users\HP\AppData\Local\Microsoft\WindowsApps;C:\Users\HP\AppData\Local\Programs\Microsoft VS Code\bin;C:\MinGW\bin;C:\Users\HP\AppData\Local\GitHubDesktop\bin;C:\Program Files\MongoDB\Server\6.0\bin;C:\Users\HP\AppData\Local\atom\bin;C:\Users\HP\AppData\Local\Microsoft\WindowsApps;C:\Program Files (x86)\node;C:\Users\HP\AppData\Local\Microsoft\WinGet\Packages\Schniz.fnm_Microsoft.Winget.Source_8wekyb3d8bbwe;C:\Users\HP\AppData\Roaming\npm
USERNAME=HP
OS=Windows_NT
PROCESSOR_IDENTIFIER=AMD64 Family 23 Model 104 Stepping 1, AuthenticAMD
TMP=C:\Users\HP\AppData\Local\Temp
TEMP=C:\Users\HP\AppData\Local\Temp




Periodic native trim disabled

---------------  S Y S T E M  ---------------

OS:
 Windows 11 , 64 bit Build 26100 (10.0.26100.3037)
OS uptime: 3 days 18:01 hours
Hyper-V role detected

CPU: total 12 (initial active 12) (12 cores per cpu, 2 threads per core) family 23 model 104 stepping 1 microcode 0x8608107, cx8, cmov, fxsr, ht, mmx, 3dnowpref, sse, sse2, sse3, ssse3, sse4a, sse4.1, sse4.2, popcnt, lzcnt, tsc, tscinvbit, avx, avx2, aes, clmul, bmi1, bmi2, adx, sha, fma, vzeroupper, clflush, clflushopt, hv, rdtscp, rdpid, f16c
Processor Information for all 12 processors :
  Max Mhz: 2100, Current Mhz: 2100, Mhz Limit: 2100

Memory: 4k page, system-wide physical 7501M (467M free)
TotalPageFile size 30029M (AvailPageFile size 10M)
current process WorkingSet (physical memory assigned to process): 82M, peak: 103M
current process commit charge ("private bytes"): 223M, peak: 225M

vm_info: OpenJDK 64-Bit Server VM (21.0.5+11-LTS) for windows-amd64 JRE (21.0.5+11-LTS), built on 2024-10-15T00:00:00Z by "admin" with MS VC++ 17.7 (VS2022)

END.
